<?xml version="1.0" encoding="UTF-8"?>
<!-- Generated by org.testng.reporters.JUnitReportReporter -->
<testsuite hostname="Manoj_Kumar_M" failures="0" tests="3" name="demo.Demo" time="0.027" errors="0" timestamp="2024-03-03T12:43:00 IST" skipped="1">
  <testcase classname="demo.Demo" name="openBrowser" time="0.024">
    <system-out>
      <![CDATA[Browser Opened]]>
    </system-out>
  </testcase> <!-- openBrowser -->
  <testcase classname="demo.Demo" name="register" time="0.003">
    <system-out>
      <![CDATA[Registered]]>
    </system-out>
  </testcase> <!-- register -->
  <testcase classname="demo.Demo" name="login">
    <skipped/>
  </testcase> <!-- login -->
  <system-out>
    <![CDATA[Browser Opened
Registered]]>
  </system-out>
</testsuite> <!-- demo.Demo -->
